24-09-13 23:13:37.959 [SpringApplicationShutdownHook] INFO  o.s.o.j.LocalContainerEntityManagerFactoryBean - Closing JPA EntityManagerFactory for persistence unit 'default' 
24-09-13 23:13:37.964 [SpringApplicationShutdownHook] INFO  com.zaxxer.hikari.HikariDataSource - HikariPool-1 - Shutdown initiated... 
24-09-13 23:13:37.968 [SpringApplicationShutdownHook] INFO  com.zaxxer.hikari.HikariDataSource - HikariPool-1 - Shutdown completed. 
24-09-13 23:13:46.505 [background-preinit] INFO  o.h.validator.internal.util.Version - HV000001: Hibernate Validator 8.0.1.Final 
24-09-13 23:13:46.550 [restartedMain] INFO  c.c.e.EcommProductApplication - Starting EcommProductApplication using Java 19.0.2 with PID 30068 (C:\Users\apurv\IdeaProjects\CapstoneProject\ecomm_product\target\classes started by apurv in C:\Users\apurv\IdeaProjects\CapstoneProject\ecomm_product) 
24-09-13 23:13:46.552 [restartedMain] INFO  c.c.e.EcommProductApplication - No active profile set, falling back to 1 default profile: "default" 
24-09-13 23:13:46.599 [restartedMain] INFO  o.s.b.d.e.DevToolsPropertyDefaultsPostProcessor - Devtools property defaults active! Set 'spring.devtools.add-properties' to 'false' to disable 
24-09-13 23:13:46.600 [restartedMain] INFO  o.s.b.d.e.DevToolsPropertyDefaultsPostProcessor - For additional web related logging consider setting the 'logging.level.web' property to 'DEBUG' 
24-09-13 23:13:47.291 [restartedMain] INFO  o.s.d.r.c.RepositoryConfigurationDelegate - Bootstrapping Spring Data JPA repositories in DEFAULT mode. 
24-09-13 23:13:47.397 [restartedMain] INFO  o.s.d.r.c.RepositoryConfigurationDelegate - Finished Spring Data repository scanning in 96 ms. Found 4 JPA repository interfaces. 
24-09-13 23:13:48.008 [restartedMain] INFO  o.s.b.w.e.tomcat.TomcatWebServer - Tomcat initialized with port 8081 (http) 
24-09-13 23:13:48.019 [restartedMain] INFO  o.a.coyote.http11.Http11NioProtocol - Initializing ProtocolHandler ["http-nio-8081"] 
24-09-13 23:13:48.022 [restartedMain] INFO  o.a.catalina.core.StandardService - Starting service [Tomcat] 
24-09-13 23:13:48.022 [restartedMain] INFO  o.a.catalina.core.StandardEngine - Starting Servlet engine: [Apache Tomcat/10.1.28] 
24-09-13 23:13:48.076 [restartedMain] INFO  o.a.c.c.C.[Tomcat].[localhost].[/] - Initializing Spring embedded WebApplicationContext 
24-09-13 23:13:48.076 [restartedMain] INFO  o.s.b.w.s.c.ServletWebServerApplicationContext - Root WebApplicationContext: initialization completed in 1476 ms 
24-09-13 23:13:48.221 [restartedMain] INFO  o.h.jpa.internal.util.LogHelper - HHH000204: Processing PersistenceUnitInfo [name: default] 
24-09-13 23:13:48.301 [restartedMain] INFO  org.hibernate.Version - HHH000412: Hibernate ORM core version 6.5.2.Final 
24-09-13 23:13:48.345 [restartedMain] INFO  o.h.c.i.RegionFactoryInitiator - HHH000026: Second-level cache disabled 
24-09-13 23:13:48.697 [restartedMain] INFO  o.s.o.j.p.SpringPersistenceUnitInfo - No LoadTimeWeaver setup: ignoring JPA class transformer 
24-09-13 23:13:48.729 [restartedMain] INFO  com.zaxxer.hikari.HikariDataSource - HikariPool-1 - Starting... 
24-09-13 23:13:49.067 [restartedMain] INFO  com.zaxxer.hikari.pool.HikariPool - HikariPool-1 - Added connection com.mysql.cj.jdbc.ConnectionImpl@703da9f8 
24-09-13 23:13:49.068 [restartedMain] INFO  com.zaxxer.hikari.HikariDataSource - HikariPool-1 - Start completed. 
24-09-13 23:13:49.125 [restartedMain] WARN  org.hibernate.orm.deprecation - HHH90000025: MySQLDialect does not need to be specified explicitly using 'hibernate.dialect' (remove the property setting and it will be selected by default) 
24-09-13 23:13:50.274 [restartedMain] INFO  o.h.e.t.j.p.i.JtaPlatformInitiator - HHH000489: No JTA platform available (set 'hibernate.transaction.jta.platform' to enable JTA platform integration) 
24-09-13 23:13:50.365 [restartedMain] INFO  o.s.o.j.LocalContainerEntityManagerFactoryBean - Initialized JPA EntityManagerFactory for persistence unit 'default' 
24-09-13 23:13:50.779 [restartedMain] WARN  o.s.b.a.o.j.JpaBaseConfiguration$JpaWebConfiguration - spring.jpa.open-in-view is enabled by default. Therefore, database queries may be performed during view rendering. Explicitly configure spring.jpa.open-in-view to disable this warning 
24-09-13 23:13:50.795 [restartedMain] INFO  o.s.b.a.w.s.WelcomePageHandlerMapping - Adding welcome page: class path resource [static/index.html] 
24-09-13 23:13:51.041 [restartedMain] INFO  o.s.b.d.a.OptionalLiveReloadServer - LiveReload server is running on port 35729 
24-09-13 23:13:51.058 [restartedMain] INFO  o.a.coyote.http11.Http11NioProtocol - Starting ProtocolHandler ["http-nio-8081"] 
24-09-13 23:13:51.074 [restartedMain] INFO  o.s.b.w.e.tomcat.TomcatWebServer - Tomcat started on port 8081 (http) with context path '/' 
24-09-13 23:13:51.083 [restartedMain] INFO  c.c.e.EcommProductApplication - Started EcommProductApplication in 4.935 seconds (process running for 5.99) 
24-09-13 23:14:40.699 [http-nio-8081-exec-1] INFO  o.a.c.c.C.[Tomcat].[localhost].[/] - Initializing Spring DispatcherServlet 'dispatcherServlet' 
24-09-13 23:14:40.700 [http-nio-8081-exec-1] INFO  o.s.web.servlet.DispatcherServlet - Initializing Servlet 'dispatcherServlet' 
24-09-13 23:14:40.703 [http-nio-8081-exec-1] INFO  o.s.web.servlet.DispatcherServlet - Completed initialization in 3 ms 
24-09-13 23:14:46.990 [http-nio-8081-exec-3] INFO  c.c.e.Controller.ProductController - Attempting to get all product details 
24-09-13 23:14:47.298 [http-nio-8081-exec-3] INFO  c.c.e.Controller.ProductController - Product Details retrieved successfully 
24-09-13 23:15:46.402 [http-nio-8081-exec-5] INFO  c.c.e.Controller.ProductController - Attempting to create a new product with data: com.capstone.ecomm_product.DTOs.ProductRequestDTO@575eaf8f 
24-09-13 23:15:46.402 [http-nio-8081-exec-5] INFO  c.c.e.Services.ProductServiceImpl - Starting product creation for product price: 1098.0 
24-09-13 23:15:46.402 [http-nio-8081-exec-5] INFO  c.c.e.Services.ProductServiceImpl - Saving price details: amount=1098.0, currency=INR 
24-09-13 23:15:46.488 [http-nio-8081-exec-5] INFO  c.c.e.Services.ProductServiceImpl - Category found: Toys 
24-09-13 23:15:46.489 [http-nio-8081-exec-5] INFO  c.c.e.Services.ProductServiceImpl - Saving product: title=Amita Toys Remote Control Booster 2WD RC Stunt Carl Monster Truck , description=Material: Plastic
Battery Operated, 2 Battteries
Rechargeable Batteries
Width x Height: 8 cm x 6 cm
Age: 3+ Years 
24-09-13 23:15:46.504 [http-nio-8081-exec-5] INFO  c.c.e.Services.ProductServiceImpl - Product created successfully with ID: 025db935-0af1-4d5b-ac65-5e4f72498e1e 
24-09-13 23:15:46.504 [http-nio-8081-exec-5] INFO  c.c.e.Controller.ProductController - Product created successfully with ID: 025db935-0af1-4d5b-ac65-5e4f72498e1e 
24-09-13 23:15:47.925 [http-nio-8081-exec-6] INFO  c.c.e.Controller.ProductController - Attempting to get all product details 
24-09-13 23:15:47.999 [http-nio-8081-exec-6] INFO  c.c.e.Controller.ProductController - Product Details retrieved successfully 
24-09-13 23:17:54.080 [http-nio-8081-exec-10] INFO  c.c.e.Controller.ProductController - Attempting to get all product details 
24-09-13 23:17:54.127 [http-nio-8081-exec-10] INFO  c.c.e.Controller.ProductController - Product Details retrieved successfully 
24-09-13 23:46:49.916 [SpringApplicationShutdownHook] INFO  o.s.o.j.LocalContainerEntityManagerFactoryBean - Closing JPA EntityManagerFactory for persistence unit 'default' 
24-09-13 23:46:49.924 [SpringApplicationShutdownHook] INFO  com.zaxxer.hikari.HikariDataSource - HikariPool-1 - Shutdown initiated... 
24-09-13 23:46:49.932 [SpringApplicationShutdownHook] INFO  com.zaxxer.hikari.HikariDataSource - HikariPool-1 - Shutdown completed. 
