24-09-25 12:00:50.682 [background-preinit] INFO  o.h.validator.internal.util.Version - HV000001: Hibernate Validator 8.0.1.Final 
24-09-25 12:00:50.760 [restartedMain] INFO  c.c.e.EcommProductApplication - Starting EcommProductApplication using Java 19.0.2 with PID 26412 (C:\Users\apurv\IdeaProjects\CapstoneProject\ecomm_product\target\classes started by apurv in C:\Users\apurv\IdeaProjects\CapstoneProject\ecomm_product) 
24-09-25 12:00:50.763 [restartedMain] INFO  c.c.e.EcommProductApplication - No active profile set, falling back to 1 default profile: "default" 
24-09-25 12:00:50.845 [restartedMain] INFO  o.s.b.d.e.DevToolsPropertyDefaultsPostProcessor - Devtools property defaults active! Set 'spring.devtools.add-properties' to 'false' to disable 
24-09-25 12:00:50.882 [restartedMain] INFO  o.s.b.d.e.DevToolsPropertyDefaultsPostProcessor - For additional web related logging consider setting the 'logging.level.web' property to 'DEBUG' 
24-09-25 12:00:52.265 [restartedMain] INFO  o.s.d.r.c.RepositoryConfigurationDelegate - Bootstrapping Spring Data JPA repositories in DEFAULT mode. 
24-09-25 12:00:52.410 [restartedMain] INFO  o.s.d.r.c.RepositoryConfigurationDelegate - Finished Spring Data repository scanning in 129 ms. Found 4 JPA repository interfaces. 
24-09-25 12:00:53.402 [restartedMain] INFO  o.s.b.w.e.tomcat.TomcatWebServer - Tomcat initialized with port 8081 (http) 
24-09-25 12:00:53.417 [restartedMain] INFO  o.a.coyote.http11.Http11NioProtocol - Initializing ProtocolHandler ["http-nio-8081"] 
24-09-25 12:00:53.422 [restartedMain] INFO  o.a.catalina.core.StandardService - Starting service [Tomcat] 
24-09-25 12:00:53.422 [restartedMain] INFO  o.a.catalina.core.StandardEngine - Starting Servlet engine: [Apache Tomcat/10.1.28] 
24-09-25 12:00:53.525 [restartedMain] INFO  o.a.c.c.C.[Tomcat].[localhost].[/] - Initializing Spring embedded WebApplicationContext 
24-09-25 12:00:53.525 [restartedMain] INFO  o.s.b.w.s.c.ServletWebServerApplicationContext - Root WebApplicationContext: initialization completed in 2642 ms 
24-09-25 12:00:53.773 [restartedMain] INFO  o.h.jpa.internal.util.LogHelper - HHH000204: Processing PersistenceUnitInfo [name: default] 
24-09-25 12:00:53.862 [restartedMain] INFO  org.hibernate.Version - HHH000412: Hibernate ORM core version 6.5.2.Final 
24-09-25 12:00:53.924 [restartedMain] INFO  o.h.c.i.RegionFactoryInitiator - HHH000026: Second-level cache disabled 
24-09-25 12:00:54.492 [restartedMain] INFO  o.s.o.j.p.SpringPersistenceUnitInfo - No LoadTimeWeaver setup: ignoring JPA class transformer 
24-09-25 12:00:54.532 [restartedMain] INFO  com.zaxxer.hikari.HikariDataSource - HikariPool-1 - Starting... 
24-09-25 12:00:55.028 [restartedMain] INFO  com.zaxxer.hikari.pool.HikariPool - HikariPool-1 - Added connection com.mysql.cj.jdbc.ConnectionImpl@2e89430b 
24-09-25 12:00:55.031 [restartedMain] INFO  com.zaxxer.hikari.HikariDataSource - HikariPool-1 - Start completed. 
24-09-25 12:00:55.133 [restartedMain] WARN  org.hibernate.orm.deprecation - HHH90000025: MySQLDialect does not need to be specified explicitly using 'hibernate.dialect' (remove the property setting and it will be selected by default) 
24-09-25 12:00:56.943 [restartedMain] INFO  o.h.e.t.j.p.i.JtaPlatformInitiator - HHH000489: No JTA platform available (set 'hibernate.transaction.jta.platform' to enable JTA platform integration) 
24-09-25 12:00:57.159 [restartedMain] INFO  o.s.o.j.LocalContainerEntityManagerFactoryBean - Initialized JPA EntityManagerFactory for persistence unit 'default' 
24-09-25 12:00:57.904 [restartedMain] WARN  o.s.b.a.o.j.JpaBaseConfiguration$JpaWebConfiguration - spring.jpa.open-in-view is enabled by default. Therefore, database queries may be performed during view rendering. Explicitly configure spring.jpa.open-in-view to disable this warning 
24-09-25 12:00:57.938 [restartedMain] INFO  o.s.b.a.w.s.WelcomePageHandlerMapping - Adding welcome page: class path resource [static/index.html] 
24-09-25 12:00:58.431 [restartedMain] INFO  o.s.b.d.a.OptionalLiveReloadServer - LiveReload server is running on port 35729 
24-09-25 12:00:58.464 [restartedMain] INFO  o.a.coyote.http11.Http11NioProtocol - Starting ProtocolHandler ["http-nio-8081"] 
24-09-25 12:00:58.488 [restartedMain] INFO  o.s.b.w.e.tomcat.TomcatWebServer - Tomcat started on port 8081 (http) with context path '/' 
24-09-25 12:00:58.506 [restartedMain] INFO  c.c.e.EcommProductApplication - Started EcommProductApplication in 8.356 seconds (process running for 9.981) 
24-09-25 12:01:02.119 [http-nio-8081-exec-1] INFO  o.a.c.c.C.[Tomcat].[localhost].[/] - Initializing Spring DispatcherServlet 'dispatcherServlet' 
24-09-25 12:01:02.120 [http-nio-8081-exec-1] INFO  o.s.web.servlet.DispatcherServlet - Initializing Servlet 'dispatcherServlet' 
24-09-25 12:01:02.122 [http-nio-8081-exec-1] INFO  o.s.web.servlet.DispatcherServlet - Completed initialization in 2 ms 
24-09-25 12:01:09.127 [http-nio-8081-exec-5] INFO  c.c.e.Controller.CategoryController - Attempting to get all category details 
24-09-25 12:01:09.127 [http-nio-8081-exec-5] INFO  c.c.e.Services.CategoryServiceImpl - Getting Categories Details Page Number : 1, Sorted By: Id, Sorting in asc 
24-09-25 12:01:09.445 [http-nio-8081-exec-5] INFO  c.c.e.Services.CategoryServiceImpl - Successfully retrieved categories 
24-09-25 12:01:09.445 [http-nio-8081-exec-5] INFO  c.c.e.Controller.CategoryController - Category Details retrieved successfully 
24-09-25 12:01:15.535 [http-nio-8081-exec-8] INFO  c.c.e.Controller.CategoryController - Attempting to get all category details 
24-09-25 12:01:15.535 [http-nio-8081-exec-8] INFO  c.c.e.Services.CategoryServiceImpl - Getting Categories Details Page Number : 1, Sorted By: categoryName, Sorting in asc 
24-09-25 12:01:15.559 [http-nio-8081-exec-8] INFO  c.c.e.Services.CategoryServiceImpl - Successfully retrieved categories 
24-09-25 12:01:15.559 [http-nio-8081-exec-8] INFO  c.c.e.Controller.CategoryController - Category Details retrieved successfully 
24-09-25 12:01:17.268 [http-nio-8081-exec-9] INFO  c.c.e.Controller.CategoryController - Attempting to get all category details 
24-09-25 12:01:17.268 [http-nio-8081-exec-9] INFO  c.c.e.Services.CategoryServiceImpl - Getting Categories Details Page Number : 2, Sorted By: categoryName, Sorting in asc 
24-09-25 12:01:17.285 [http-nio-8081-exec-9] INFO  c.c.e.Services.CategoryServiceImpl - Successfully retrieved categories 
24-09-25 12:01:17.285 [http-nio-8081-exec-9] INFO  c.c.e.Controller.CategoryController - Category Details retrieved successfully 
24-09-25 12:01:19.574 [http-nio-8081-exec-7] INFO  c.c.e.Controller.CategoryController - Attempting to get all category details 
24-09-25 12:01:19.574 [http-nio-8081-exec-7] INFO  c.c.e.Services.CategoryServiceImpl - Getting Categories Details Page Number : 3, Sorted By: categoryName, Sorting in asc 
24-09-25 12:01:19.583 [http-nio-8081-exec-7] INFO  c.c.e.Services.CategoryServiceImpl - Successfully retrieved categories 
24-09-25 12:01:19.583 [http-nio-8081-exec-7] INFO  c.c.e.Controller.CategoryController - Category Details retrieved successfully 
24-09-25 12:01:30.044 [http-nio-8081-exec-1] INFO  c.c.e.Controller.CategoryController - Attempting to get all category details 
24-09-25 12:01:30.044 [http-nio-8081-exec-1] INFO  c.c.e.Services.CategoryServiceImpl - Getting Categories Details Page Number : 2, Sorted By: categoryName, Sorting in asc 
24-09-25 12:01:30.057 [http-nio-8081-exec-1] INFO  c.c.e.Services.CategoryServiceImpl - Successfully retrieved categories 
24-09-25 12:01:30.057 [http-nio-8081-exec-1] INFO  c.c.e.Controller.CategoryController - Category Details retrieved successfully 
24-09-25 12:01:31.985 [http-nio-8081-exec-3] INFO  c.c.e.Controller.CategoryController - Attempting to get all category details 
24-09-25 12:01:31.985 [http-nio-8081-exec-3] INFO  c.c.e.Services.CategoryServiceImpl - Getting Categories Details Page Number : 1, Sorted By: categoryName, Sorting in asc 
24-09-25 12:01:32.012 [http-nio-8081-exec-3] INFO  c.c.e.Services.CategoryServiceImpl - Successfully retrieved categories 
24-09-25 12:01:32.012 [http-nio-8081-exec-3] INFO  c.c.e.Controller.CategoryController - Category Details retrieved successfully 
24-09-25 12:01:41.401 [http-nio-8081-exec-5] INFO  c.c.e.Controller.CategoryController - Attempting to get all category details 
24-09-25 12:01:41.401 [http-nio-8081-exec-5] INFO  c.c.e.Services.CategoryServiceImpl - Getting Categories Details Page Number : 1, Sorted By: categoryName, Sorting in asc 
24-09-25 12:01:41.417 [http-nio-8081-exec-5] INFO  c.c.e.Services.CategoryServiceImpl - Successfully retrieved categories 
24-09-25 12:01:41.417 [http-nio-8081-exec-5] INFO  c.c.e.Controller.CategoryController - Category Details retrieved successfully 
24-09-25 12:01:54.470 [http-nio-8081-exec-6] INFO  c.c.e.Controller.CategoryController - Attempting to get all category details 
24-09-25 12:01:54.471 [http-nio-8081-exec-6] INFO  c.c.e.Services.CategoryServiceImpl - Getting Categories Details Page Number : 2, Sorted By: categoryName, Sorting in asc 
24-09-25 12:01:54.491 [http-nio-8081-exec-6] INFO  c.c.e.Services.CategoryServiceImpl - Successfully retrieved categories 
24-09-25 12:01:54.491 [http-nio-8081-exec-6] INFO  c.c.e.Controller.CategoryController - Category Details retrieved successfully 
24-09-25 12:02:03.932 [http-nio-8081-exec-10] INFO  c.c.e.Controller.CategoryController - Attempting to get all category details 
24-09-25 12:02:03.932 [http-nio-8081-exec-10] INFO  c.c.e.Services.CategoryServiceImpl - Getting Categories Details Page Number : 3, Sorted By: categoryName, Sorting in asc 
24-09-25 12:02:03.948 [http-nio-8081-exec-10] INFO  c.c.e.Services.CategoryServiceImpl - Successfully retrieved categories 
24-09-25 12:02:03.948 [http-nio-8081-exec-10] INFO  c.c.e.Controller.CategoryController - Category Details retrieved successfully 
24-09-25 12:02:11.884 [http-nio-8081-exec-9] INFO  c.c.e.Controller.CategoryController - Attempting to get all category details 
24-09-25 12:02:11.884 [http-nio-8081-exec-9] INFO  c.c.e.Services.CategoryServiceImpl - Getting Categories Details Page Number : 2, Sorted By: categoryName, Sorting in asc 
24-09-25 12:02:11.916 [http-nio-8081-exec-9] INFO  c.c.e.Services.CategoryServiceImpl - Successfully retrieved categories 
24-09-25 12:02:11.916 [http-nio-8081-exec-9] INFO  c.c.e.Controller.CategoryController - Category Details retrieved successfully 
24-09-25 12:02:35.419 [http-nio-8081-exec-3] INFO  c.c.e.Controller.ProductController - Attempting to get all product details 
24-09-25 12:02:35.510 [http-nio-8081-exec-3] INFO  c.c.e.Controller.ProductController - Product Details retrieved successfully 
24-09-25 12:02:42.143 [http-nio-8081-exec-5] INFO  c.c.e.Controller.ProductController - Attempting to get all product details 
24-09-25 12:02:42.181 [http-nio-8081-exec-5] INFO  c.c.e.Controller.ProductController - Product Details retrieved successfully 
24-09-25 12:32:09.686 [SpringApplicationShutdownHook] INFO  o.s.o.j.LocalContainerEntityManagerFactoryBean - Closing JPA EntityManagerFactory for persistence unit 'default' 
24-09-25 12:32:09.690 [SpringApplicationShutdownHook] INFO  com.zaxxer.hikari.HikariDataSource - HikariPool-1 - Shutdown initiated... 
24-09-25 12:32:09.696 [SpringApplicationShutdownHook] INFO  com.zaxxer.hikari.HikariDataSource - HikariPool-1 - Shutdown completed. 
24-09-25 12:32:20.310 [background-preinit] INFO  o.h.validator.internal.util.Version - HV000001: Hibernate Validator 8.0.1.Final 
24-09-25 12:32:20.372 [restartedMain] INFO  c.c.e.EcommProductApplication - Starting EcommProductApplication using Java 19.0.2 with PID 29372 (C:\Users\apurv\IdeaProjects\CapstoneProject\ecomm_product\target\classes started by apurv in C:\Users\apurv\IdeaProjects\CapstoneProject\ecomm_product) 
24-09-25 12:32:20.374 [restartedMain] INFO  c.c.e.EcommProductApplication - No active profile set, falling back to 1 default profile: "default" 
24-09-25 12:32:20.454 [restartedMain] INFO  o.s.b.d.e.DevToolsPropertyDefaultsPostProcessor - Devtools property defaults active! Set 'spring.devtools.add-properties' to 'false' to disable 
24-09-25 12:32:20.455 [restartedMain] INFO  o.s.b.d.e.DevToolsPropertyDefaultsPostProcessor - For additional web related logging consider setting the 'logging.level.web' property to 'DEBUG' 
24-09-25 12:32:21.489 [restartedMain] INFO  o.s.d.r.c.RepositoryConfigurationDelegate - Bootstrapping Spring Data JPA repositories in DEFAULT mode. 
24-09-25 12:32:21.570 [restartedMain] INFO  o.s.d.r.c.RepositoryConfigurationDelegate - Finished Spring Data repository scanning in 72 ms. Found 4 JPA repository interfaces. 
24-09-25 12:32:22.220 [restartedMain] INFO  o.s.b.w.e.tomcat.TomcatWebServer - Tomcat initialized with port 8081 (http) 
24-09-25 12:32:22.230 [restartedMain] INFO  o.a.coyote.http11.Http11NioProtocol - Initializing ProtocolHandler ["http-nio-8081"] 
24-09-25 12:32:22.233 [restartedMain] INFO  o.a.catalina.core.StandardService - Starting service [Tomcat] 
24-09-25 12:32:22.234 [restartedMain] INFO  o.a.catalina.core.StandardEngine - Starting Servlet engine: [Apache Tomcat/10.1.28] 
24-09-25 12:32:22.292 [restartedMain] INFO  o.a.c.c.C.[Tomcat].[localhost].[/] - Initializing Spring embedded WebApplicationContext 
24-09-25 12:32:22.293 [restartedMain] INFO  o.s.b.w.s.c.ServletWebServerApplicationContext - Root WebApplicationContext: initialization completed in 1837 ms 
24-09-25 12:32:22.479 [restartedMain] INFO  o.h.jpa.internal.util.LogHelper - HHH000204: Processing PersistenceUnitInfo [name: default] 
24-09-25 12:32:22.546 [restartedMain] INFO  org.hibernate.Version - HHH000412: Hibernate ORM core version 6.5.2.Final 
24-09-25 12:32:22.599 [restartedMain] INFO  o.h.c.i.RegionFactoryInitiator - HHH000026: Second-level cache disabled 
24-09-25 12:32:22.972 [restartedMain] INFO  o.s.o.j.p.SpringPersistenceUnitInfo - No LoadTimeWeaver setup: ignoring JPA class transformer 
24-09-25 12:32:23.009 [restartedMain] INFO  com.zaxxer.hikari.HikariDataSource - HikariPool-1 - Starting... 
24-09-25 12:32:23.366 [restartedMain] INFO  com.zaxxer.hikari.pool.HikariPool - HikariPool-1 - Added connection com.mysql.cj.jdbc.ConnectionImpl@3eba1dc3 
24-09-25 12:32:23.369 [restartedMain] INFO  com.zaxxer.hikari.HikariDataSource - HikariPool-1 - Start completed. 
24-09-25 12:32:23.509 [restartedMain] WARN  org.hibernate.orm.deprecation - HHH90000025: MySQLDialect does not need to be specified explicitly using 'hibernate.dialect' (remove the property setting and it will be selected by default) 
24-09-25 12:32:24.856 [restartedMain] INFO  o.h.e.t.j.p.i.JtaPlatformInitiator - HHH000489: No JTA platform available (set 'hibernate.transaction.jta.platform' to enable JTA platform integration) 
24-09-25 12:32:25.093 [restartedMain] INFO  o.s.o.j.LocalContainerEntityManagerFactoryBean - Initialized JPA EntityManagerFactory for persistence unit 'default' 
24-09-25 12:32:25.676 [restartedMain] WARN  o.s.b.a.o.j.JpaBaseConfiguration$JpaWebConfiguration - spring.jpa.open-in-view is enabled by default. Therefore, database queries may be performed during view rendering. Explicitly configure spring.jpa.open-in-view to disable this warning 
24-09-25 12:32:25.695 [restartedMain] INFO  o.s.b.a.w.s.WelcomePageHandlerMapping - Adding welcome page: class path resource [static/index.html] 
24-09-25 12:32:26.054 [restartedMain] INFO  o.s.b.d.a.OptionalLiveReloadServer - LiveReload server is running on port 35729 
24-09-25 12:32:26.083 [restartedMain] INFO  o.a.coyote.http11.Http11NioProtocol - Starting ProtocolHandler ["http-nio-8081"] 
24-09-25 12:32:26.102 [restartedMain] INFO  o.s.b.w.e.tomcat.TomcatWebServer - Tomcat started on port 8081 (http) with context path '/' 
24-09-25 12:32:26.112 [restartedMain] INFO  c.c.e.EcommProductApplication - Started EcommProductApplication in 6.306 seconds (process running for 7.644) 
24-09-25 12:32:39.682 [http-nio-8081-exec-4] INFO  o.a.c.c.C.[Tomcat].[localhost].[/] - Initializing Spring DispatcherServlet 'dispatcherServlet' 
24-09-25 12:32:39.683 [http-nio-8081-exec-4] INFO  o.s.web.servlet.DispatcherServlet - Initializing Servlet 'dispatcherServlet' 
24-09-25 12:32:39.684 [http-nio-8081-exec-4] INFO  o.s.web.servlet.DispatcherServlet - Completed initialization in 1 ms 
24-09-25 12:32:39.736 [http-nio-8081-exec-4] INFO  c.c.e.Controller.ProductController - Attempting to get all product details 
24-09-25 12:32:40.029 [http-nio-8081-exec-4] ERROR o.a.c.c.C.[.[.[.[dispatcherServlet] - Servlet.service() for servlet [dispatcherServlet] in context with path [] threw exception [Request processing failed: org.modelmapper.MappingException: ModelMapper mapping errors:

1) Converter org.modelmapper.internal.converter.NumberConverter@27bf103a failed to convert com.capstone.ecomm_product.Models.Price to double.

1 error] with root cause 
java.lang.NumberFormatException: For input string: "Price(currency=INR, amount=1098.0, discount=0.0)"
	at java.base/jdk.internal.math.FloatingDecimal.readJavaFormatString(FloatingDecimal.java:2054)
	at java.base/jdk.internal.math.FloatingDecimal.parseDouble(FloatingDecimal.java:110)
	at java.base/java.lang.Double.parseDouble(Double.java:735)
	at java.base/java.lang.Double.valueOf(Double.java:698)
	at org.modelmapper.internal.converter.NumberConverter.numberFor(NumberConverter.java:175)
	at org.modelmapper.internal.converter.NumberConverter.convert(NumberConverter.java:75)
	at org.modelmapper.internal.converter.NumberConverter.convert(NumberConverter.java:57)
	at org.modelmapper.internal.MappingEngineImpl.convert(MappingEngineImpl.java:306)
	at org.modelmapper.internal.MappingEngineImpl.map(MappingEngineImpl.java:109)
	at org.modelmapper.internal.MappingEngineImpl.setDestinationValue(MappingEngineImpl.java:245)
	at org.modelmapper.internal.MappingEngineImpl.propertyMap(MappingEngineImpl.java:187)
	at org.modelmapper.internal.MappingEngineImpl.typeMap(MappingEngineImpl.java:151)
	at org.modelmapper.internal.MappingEngineImpl.map(MappingEngineImpl.java:114)
	at org.modelmapper.internal.MappingEngineImpl.map(MappingEngineImpl.java:71)
	at org.modelmapper.ModelMapper.mapInternal(ModelMapper.java:573)
	at org.modelmapper.ModelMapper.map(ModelMapper.java:406)
	at com.capstone.ecomm_product.Services.ProductServiceImpl.lambda$getAllProducts$0(ProductServiceImpl.java:61)
	at java.base/java.util.stream.ReferencePipeline$3$1.accept(ReferencePipeline.java:197)
	at java.base/java.util.ArrayList$ArrayListSpliterator.forEachRemaining(ArrayList.java:1625)
	at java.base/java.util.stream.AbstractPipeline.copyInto(AbstractPipeline.java:509)
	at java.base/java.util.stream.AbstractPipeline.wrapAndCopyInto(AbstractPipeline.java:499)
	at java.base/java.util.stream.AbstractPipeline.evaluate(AbstractPipeline.java:575)
	at java.base/java.util.stream.AbstractPipeline.evaluateToArrayNode(AbstractPipeline.java:260)
	at java.base/java.util.stream.ReferencePipeline.toArray(ReferencePipeline.java:616)
	at java.base/java.util.stream.ReferencePipeline.toArray(ReferencePipeline.java:622)
	at java.base/java.util.stream.ReferencePipeline.toList(ReferencePipeline.java:627)
	at com.capstone.ecomm_product.Services.ProductServiceImpl.getAllProducts(ProductServiceImpl.java:61)
	at com.capstone.ecomm_product.Controller.ProductController.getAllProducts(ProductController.java:54)
	at java.base/jdk.internal.reflect.DirectMethodHandleAccessor.invoke(DirectMethodHandleAccessor.java:104)
	at java.base/java.lang.reflect.Method.invoke(Method.java:578)
	at org.springframework.web.method.support.InvocableHandlerMethod.doInvoke(InvocableHandlerMethod.java:255)
	at org.springframework.web.method.support.InvocableHandlerMethod.invokeForRequest(InvocableHandlerMethod.java:188)
	at org.springframework.web.servlet.mvc.method.annotation.ServletInvocableHandlerMethod.invokeAndHandle(ServletInvocableHandlerMethod.java:118)
	at org.springframework.web.servlet.mvc.method.annotation.RequestMappingHandlerAdapter.invokeHandlerMethod(RequestMappingHandlerAdapter.java:926)
	at org.springframework.web.servlet.mvc.method.annotation.RequestMappingHandlerAdapter.handleInternal(RequestMappingHandlerAdapter.java:831)
	at org.springframework.web.servlet.mvc.method.AbstractHandlerMethodAdapter.handle(AbstractHandlerMethodAdapter.java:87)
	at org.springframework.web.servlet.DispatcherServlet.doDispatch(DispatcherServlet.java:1089)
	at org.springframework.web.servlet.DispatcherServlet.doService(DispatcherServlet.java:979)
	at org.springframework.web.servlet.FrameworkServlet.processRequest(FrameworkServlet.java:1014)
	at org.springframework.web.servlet.FrameworkServlet.doGet(FrameworkServlet.java:903)
	at jakarta.servlet.http.HttpServlet.service(HttpServlet.java:564)
	at org.springframework.web.servlet.FrameworkServlet.service(FrameworkServlet.java:885)
	at jakarta.servlet.http.HttpServlet.service(HttpServlet.java:658)
	at org.apache.catalina.core.ApplicationFilterChain.internalDoFilter(ApplicationFilterChain.java:195)
	at org.apache.catalina.core.ApplicationFilterChain.doFilter(ApplicationFilterChain.java:140)
	at org.apache.tomcat.websocket.server.WsFilter.doFilter(WsFilter.java:51)
	at org.apache.catalina.core.ApplicationFilterChain.internalDoFilter(ApplicationFilterChain.java:164)
	at org.apache.catalina.core.ApplicationFilterChain.doFilter(ApplicationFilterChain.java:140)
	at org.springframework.web.filter.RequestContextFilter.doFilterInternal(RequestContextFilter.java:100)
	at org.springframework.web.filter.OncePerRequestFilter.doFilter(OncePerRequestFilter.java:116)
	at org.apache.catalina.core.ApplicationFilterChain.internalDoFilter(ApplicationFilterChain.java:164)
	at org.apache.catalina.core.ApplicationFilterChain.doFilter(ApplicationFilterChain.java:140)
	at org.springframework.web.filter.FormContentFilter.doFilterInternal(FormContentFilter.java:93)
	at org.springframework.web.filter.OncePerRequestFilter.doFilter(OncePerRequestFilter.java:116)
	at org.apache.catalina.core.ApplicationFilterChain.internalDoFilter(ApplicationFilterChain.java:164)
	at org.apache.catalina.core.ApplicationFilterChain.doFilter(ApplicationFilterChain.java:140)
	at org.springframework.web.filter.CharacterEncodingFilter.doFilterInternal(CharacterEncodingFilter.java:201)
	at org.springframework.web.filter.OncePerRequestFilter.doFilter(OncePerRequestFilter.java:116)
	at org.apache.catalina.core.ApplicationFilterChain.internalDoFilter(ApplicationFilterChain.java:164)
	at org.apache.catalina.core.ApplicationFilterChain.doFilter(ApplicationFilterChain.java:140)
	at org.apache.catalina.core.StandardWrapperValve.invoke(StandardWrapperValve.java:167)
	at org.apache.catalina.core.StandardContextValve.invoke(StandardContextValve.java:90)
	at org.apache.catalina.authenticator.AuthenticatorBase.invoke(AuthenticatorBase.java:483)
	at org.apache.catalina.core.StandardHostValve.invoke(StandardHostValve.java:115)
	at org.apache.catalina.valves.ErrorReportValve.invoke(ErrorReportValve.java:93)
	at org.apache.catalina.core.StandardEngineValve.invoke(StandardEngineValve.java:74)
	at org.apache.catalina.connector.CoyoteAdapter.service(CoyoteAdapter.java:344)
	at org.apache.coyote.http11.Http11Processor.service(Http11Processor.java:384)
	at org.apache.coyote.AbstractProcessorLight.process(AbstractProcessorLight.java:63)
	at org.apache.coyote.AbstractProtocol$ConnectionHandler.process(AbstractProtocol.java:904)
	at org.apache.tomcat.util.net.NioEndpoint$SocketProcessor.doRun(NioEndpoint.java:1741)
	at org.apache.tomcat.util.net.SocketProcessorBase.run(SocketProcessorBase.java:52)
	at org.apache.tomcat.util.threads.ThreadPoolExecutor.runWorker(ThreadPoolExecutor.java:1190)
	at org.apache.tomcat.util.threads.ThreadPoolExecutor$Worker.run(ThreadPoolExecutor.java:659)
	at org.apache.tomcat.util.threads.TaskThread$WrappingRunnable.run(TaskThread.java:63)
	at java.base/java.lang.Thread.run(Thread.java:1589)
24-09-25 12:36:11.543 [SpringApplicationShutdownHook] INFO  o.s.o.j.LocalContainerEntityManagerFactoryBean - Closing JPA EntityManagerFactory for persistence unit 'default' 
24-09-25 12:36:11.550 [SpringApplicationShutdownHook] INFO  com.zaxxer.hikari.HikariDataSource - HikariPool-1 - Shutdown initiated... 
24-09-25 12:36:11.565 [SpringApplicationShutdownHook] INFO  com.zaxxer.hikari.HikariDataSource - HikariPool-1 - Shutdown completed. 
24-09-25 12:36:20.286 [background-preinit] INFO  o.h.validator.internal.util.Version - HV000001: Hibernate Validator 8.0.1.Final 
24-09-25 12:36:20.365 [restartedMain] INFO  c.c.e.EcommProductApplication - Starting EcommProductApplication using Java 19.0.2 with PID 25988 (C:\Users\apurv\IdeaProjects\CapstoneProject\ecomm_product\target\classes started by apurv in C:\Users\apurv\IdeaProjects\CapstoneProject\ecomm_product) 
24-09-25 12:36:20.367 [restartedMain] INFO  c.c.e.EcommProductApplication - No active profile set, falling back to 1 default profile: "default" 
24-09-25 12:36:20.458 [restartedMain] INFO  o.s.b.d.e.DevToolsPropertyDefaultsPostProcessor - Devtools property defaults active! Set 'spring.devtools.add-properties' to 'false' to disable 
24-09-25 12:36:20.459 [restartedMain] INFO  o.s.b.d.e.DevToolsPropertyDefaultsPostProcessor - For additional web related logging consider setting the 'logging.level.web' property to 'DEBUG' 
24-09-25 12:36:21.715 [restartedMain] INFO  o.s.d.r.c.RepositoryConfigurationDelegate - Bootstrapping Spring Data JPA repositories in DEFAULT mode. 
24-09-25 12:36:21.818 [restartedMain] INFO  o.s.d.r.c.RepositoryConfigurationDelegate - Finished Spring Data repository scanning in 93 ms. Found 4 JPA repository interfaces. 
24-09-25 12:36:22.679 [restartedMain] INFO  o.s.b.w.e.tomcat.TomcatWebServer - Tomcat initialized with port 8081 (http) 
24-09-25 12:36:22.702 [restartedMain] INFO  o.a.coyote.http11.Http11NioProtocol - Initializing ProtocolHandler ["http-nio-8081"] 
24-09-25 12:36:22.707 [restartedMain] INFO  o.a.catalina.core.StandardService - Starting service [Tomcat] 
24-09-25 12:36:22.707 [restartedMain] INFO  o.a.catalina.core.StandardEngine - Starting Servlet engine: [Apache Tomcat/10.1.28] 
24-09-25 12:36:22.786 [restartedMain] INFO  o.a.c.c.C.[Tomcat].[localhost].[/] - Initializing Spring embedded WebApplicationContext 
24-09-25 12:36:22.787 [restartedMain] INFO  o.s.b.w.s.c.ServletWebServerApplicationContext - Root WebApplicationContext: initialization completed in 2327 ms 
24-09-25 12:36:23.031 [restartedMain] INFO  o.h.jpa.internal.util.LogHelper - HHH000204: Processing PersistenceUnitInfo [name: default] 
24-09-25 12:36:23.116 [restartedMain] INFO  org.hibernate.Version - HHH000412: Hibernate ORM core version 6.5.2.Final 
24-09-25 12:36:23.174 [restartedMain] INFO  o.h.c.i.RegionFactoryInitiator - HHH000026: Second-level cache disabled 
24-09-25 12:36:23.677 [restartedMain] INFO  o.s.o.j.p.SpringPersistenceUnitInfo - No LoadTimeWeaver setup: ignoring JPA class transformer 
24-09-25 12:36:23.736 [restartedMain] INFO  com.zaxxer.hikari.HikariDataSource - HikariPool-1 - Starting... 
24-09-25 12:36:24.233 [restartedMain] INFO  com.zaxxer.hikari.pool.HikariPool - HikariPool-1 - Added connection com.mysql.cj.jdbc.ConnectionImpl@34c521f0 
24-09-25 12:36:24.238 [restartedMain] INFO  com.zaxxer.hikari.HikariDataSource - HikariPool-1 - Start completed. 
24-09-25 12:36:24.328 [restartedMain] WARN  org.hibernate.orm.deprecation - HHH90000025: MySQLDialect does not need to be specified explicitly using 'hibernate.dialect' (remove the property setting and it will be selected by default) 
24-09-25 12:36:26.397 [restartedMain] INFO  o.h.e.t.j.p.i.JtaPlatformInitiator - HHH000489: No JTA platform available (set 'hibernate.transaction.jta.platform' to enable JTA platform integration) 
24-09-25 12:36:26.620 [restartedMain] INFO  o.s.o.j.LocalContainerEntityManagerFactoryBean - Initialized JPA EntityManagerFactory for persistence unit 'default' 
24-09-25 12:36:27.867 [restartedMain] WARN  o.s.b.a.o.j.JpaBaseConfiguration$JpaWebConfiguration - spring.jpa.open-in-view is enabled by default. Therefore, database queries may be performed during view rendering. Explicitly configure spring.jpa.open-in-view to disable this warning 
24-09-25 12:36:27.989 [restartedMain] INFO  o.s.b.a.w.s.WelcomePageHandlerMapping - Adding welcome page: class path resource [static/index.html] 
24-09-25 12:36:28.585 [restartedMain] INFO  o.s.b.d.a.OptionalLiveReloadServer - LiveReload server is running on port 35729 
24-09-25 12:36:28.619 [restartedMain] INFO  o.a.coyote.http11.Http11NioProtocol - Starting ProtocolHandler ["http-nio-8081"] 
24-09-25 12:36:28.650 [restartedMain] INFO  o.s.b.w.e.tomcat.TomcatWebServer - Tomcat started on port 8081 (http) with context path '/' 
24-09-25 12:36:28.664 [restartedMain] INFO  c.c.e.EcommProductApplication - Started EcommProductApplication in 8.938 seconds (process running for 10.574) 
24-09-25 12:36:33.747 [http-nio-8081-exec-2] INFO  o.a.c.c.C.[Tomcat].[localhost].[/] - Initializing Spring DispatcherServlet 'dispatcherServlet' 
24-09-25 12:36:33.747 [http-nio-8081-exec-2] INFO  o.s.web.servlet.DispatcherServlet - Initializing Servlet 'dispatcherServlet' 
24-09-25 12:36:33.755 [http-nio-8081-exec-2] INFO  o.s.web.servlet.DispatcherServlet - Completed initialization in 8 ms 
24-09-25 12:36:33.861 [http-nio-8081-exec-2] INFO  c.c.e.Controller.ProductController - Attempting to get all product details 
24-09-25 12:36:34.316 [http-nio-8081-exec-2] INFO  c.c.e.Controller.ProductController - Product Details retrieved successfully 
24-09-25 12:48:01.604 [SpringApplicationShutdownHook] INFO  o.s.o.j.LocalContainerEntityManagerFactoryBean - Closing JPA EntityManagerFactory for persistence unit 'default' 
24-09-25 12:48:01.614 [SpringApplicationShutdownHook] INFO  com.zaxxer.hikari.HikariDataSource - HikariPool-1 - Shutdown initiated... 
24-09-25 12:48:01.632 [SpringApplicationShutdownHook] INFO  com.zaxxer.hikari.HikariDataSource - HikariPool-1 - Shutdown completed. 
24-09-25 12:48:07.197 [background-preinit] INFO  o.h.validator.internal.util.Version - HV000001: Hibernate Validator 8.0.1.Final 
24-09-25 12:48:07.282 [restartedMain] INFO  c.c.e.EcommProductApplication - Starting EcommProductApplication using Java 19.0.2 with PID 5104 (C:\Users\apurv\IdeaProjects\CapstoneProject\ecomm_product\target\classes started by apurv in C:\Users\apurv\IdeaProjects\CapstoneProject\ecomm_product) 
24-09-25 12:48:07.285 [restartedMain] INFO  c.c.e.EcommProductApplication - No active profile set, falling back to 1 default profile: "default" 
24-09-25 12:48:07.390 [restartedMain] INFO  o.s.b.d.e.DevToolsPropertyDefaultsPostProcessor - Devtools property defaults active! Set 'spring.devtools.add-properties' to 'false' to disable 
24-09-25 12:48:07.391 [restartedMain] INFO  o.s.b.d.e.DevToolsPropertyDefaultsPostProcessor - For additional web related logging consider setting the 'logging.level.web' property to 'DEBUG' 
24-09-25 12:48:08.812 [restartedMain] INFO  o.s.d.r.c.RepositoryConfigurationDelegate - Bootstrapping Spring Data JPA repositories in DEFAULT mode. 
24-09-25 12:48:08.966 [restartedMain] INFO  o.s.d.r.c.RepositoryConfigurationDelegate - Finished Spring Data repository scanning in 134 ms. Found 4 JPA repository interfaces. 
24-09-25 12:48:10.337 [restartedMain] INFO  o.s.b.w.e.tomcat.TomcatWebServer - Tomcat initialized with port 8081 (http) 
24-09-25 12:48:10.359 [restartedMain] INFO  o.a.coyote.http11.Http11NioProtocol - Initializing ProtocolHandler ["http-nio-8081"] 
24-09-25 12:48:10.366 [restartedMain] INFO  o.a.catalina.core.StandardService - Starting service [Tomcat] 
24-09-25 12:48:10.367 [restartedMain] INFO  o.a.catalina.core.StandardEngine - Starting Servlet engine: [Apache Tomcat/10.1.28] 
24-09-25 12:48:10.469 [restartedMain] INFO  o.a.c.c.C.[Tomcat].[localhost].[/] - Initializing Spring embedded WebApplicationContext 
24-09-25 12:48:10.470 [restartedMain] INFO  o.s.b.w.s.c.ServletWebServerApplicationContext - Root WebApplicationContext: initialization completed in 3077 ms 
24-09-25 12:48:10.753 [restartedMain] INFO  o.h.jpa.internal.util.LogHelper - HHH000204: Processing PersistenceUnitInfo [name: default] 
24-09-25 12:48:10.857 [restartedMain] INFO  org.hibernate.Version - HHH000412: Hibernate ORM core version 6.5.2.Final 
24-09-25 12:48:10.947 [restartedMain] INFO  o.h.c.i.RegionFactoryInitiator - HHH000026: Second-level cache disabled 
24-09-25 12:48:11.561 [restartedMain] INFO  o.s.o.j.p.SpringPersistenceUnitInfo - No LoadTimeWeaver setup: ignoring JPA class transformer 
24-09-25 12:48:11.619 [restartedMain] INFO  com.zaxxer.hikari.HikariDataSource - HikariPool-1 - Starting... 
24-09-25 12:48:12.161 [restartedMain] INFO  com.zaxxer.hikari.pool.HikariPool - HikariPool-1 - Added connection com.mysql.cj.jdbc.ConnectionImpl@7566d1ae 
24-09-25 12:48:12.166 [restartedMain] INFO  com.zaxxer.hikari.HikariDataSource - HikariPool-1 - Start completed. 
24-09-25 12:48:12.324 [restartedMain] WARN  org.hibernate.orm.deprecation - HHH90000025: MySQLDialect does not need to be specified explicitly using 'hibernate.dialect' (remove the property setting and it will be selected by default) 
24-09-25 12:48:14.848 [restartedMain] INFO  o.h.e.t.j.p.i.JtaPlatformInitiator - HHH000489: No JTA platform available (set 'hibernate.transaction.jta.platform' to enable JTA platform integration) 
24-09-25 12:48:15.129 [restartedMain] INFO  o.s.o.j.LocalContainerEntityManagerFactoryBean - Initialized JPA EntityManagerFactory for persistence unit 'default' 
24-09-25 12:48:16.068 [restartedMain] WARN  o.s.b.a.o.j.JpaBaseConfiguration$JpaWebConfiguration - spring.jpa.open-in-view is enabled by default. Therefore, database queries may be performed during view rendering. Explicitly configure spring.jpa.open-in-view to disable this warning 
24-09-25 12:48:16.112 [restartedMain] INFO  o.s.b.a.w.s.WelcomePageHandlerMapping - Adding welcome page: class path resource [static/index.html] 
24-09-25 12:48:16.676 [restartedMain] INFO  o.s.b.d.a.OptionalLiveReloadServer - LiveReload server is running on port 35729 
24-09-25 12:48:16.716 [restartedMain] INFO  o.a.coyote.http11.Http11NioProtocol - Starting ProtocolHandler ["http-nio-8081"] 
24-09-25 12:48:16.749 [restartedMain] INFO  o.s.b.w.e.tomcat.TomcatWebServer - Tomcat started on port 8081 (http) with context path '/' 
24-09-25 12:48:16.769 [restartedMain] INFO  c.c.e.EcommProductApplication - Started EcommProductApplication in 10.235 seconds (process running for 11.998) 
24-09-25 12:48:16.897 [http-nio-8081-exec-1] INFO  o.a.c.c.C.[Tomcat].[localhost].[/] - Initializing Spring DispatcherServlet 'dispatcherServlet' 
24-09-25 12:48:16.898 [http-nio-8081-exec-1] INFO  o.s.web.servlet.DispatcherServlet - Initializing Servlet 'dispatcherServlet' 
24-09-25 12:48:16.901 [http-nio-8081-exec-1] INFO  o.s.web.servlet.DispatcherServlet - Completed initialization in 3 ms 
24-09-25 12:48:41.680 [SpringApplicationShutdownHook] INFO  o.s.o.j.LocalContainerEntityManagerFactoryBean - Closing JPA EntityManagerFactory for persistence unit 'default' 
24-09-25 12:48:41.687 [SpringApplicationShutdownHook] INFO  com.zaxxer.hikari.HikariDataSource - HikariPool-1 - Shutdown initiated... 
24-09-25 12:48:41.703 [SpringApplicationShutdownHook] INFO  com.zaxxer.hikari.HikariDataSource - HikariPool-1 - Shutdown completed. 
24-09-25 12:48:46.715 [background-preinit] INFO  o.h.validator.internal.util.Version - HV000001: Hibernate Validator 8.0.1.Final 
24-09-25 12:48:46.773 [restartedMain] INFO  c.c.e.EcommProductApplication - Starting EcommProductApplication using Java 19.0.2 with PID 40420 (C:\Users\apurv\IdeaProjects\CapstoneProject\ecomm_product\target\classes started by apurv in C:\Users\apurv\IdeaProjects\CapstoneProject\ecomm_product) 
24-09-25 12:48:46.776 [restartedMain] INFO  c.c.e.EcommProductApplication - No active profile set, falling back to 1 default profile: "default" 
24-09-25 12:48:46.872 [restartedMain] INFO  o.s.b.d.e.DevToolsPropertyDefaultsPostProcessor - Devtools property defaults active! Set 'spring.devtools.add-properties' to 'false' to disable 
24-09-25 12:48:46.873 [restartedMain] INFO  o.s.b.d.e.DevToolsPropertyDefaultsPostProcessor - For additional web related logging consider setting the 'logging.level.web' property to 'DEBUG' 
24-09-25 12:48:48.165 [restartedMain] INFO  o.s.d.r.c.RepositoryConfigurationDelegate - Bootstrapping Spring Data JPA repositories in DEFAULT mode. 
24-09-25 12:48:48.273 [restartedMain] INFO  o.s.d.r.c.RepositoryConfigurationDelegate - Finished Spring Data repository scanning in 92 ms. Found 4 JPA repository interfaces. 
24-09-25 12:48:49.256 [restartedMain] INFO  o.s.b.w.e.tomcat.TomcatWebServer - Tomcat initialized with port 8081 (http) 
24-09-25 12:48:49.274 [restartedMain] INFO  o.a.coyote.http11.Http11NioProtocol - Initializing ProtocolHandler ["http-nio-8081"] 
24-09-25 12:48:49.279 [restartedMain] INFO  o.a.catalina.core.StandardService - Starting service [Tomcat] 
24-09-25 12:48:49.280 [restartedMain] INFO  o.a.catalina.core.StandardEngine - Starting Servlet engine: [Apache Tomcat/10.1.28] 
24-09-25 12:48:49.354 [restartedMain] INFO  o.a.c.c.C.[Tomcat].[localhost].[/] - Initializing Spring embedded WebApplicationContext 
24-09-25 12:48:49.355 [restartedMain] INFO  o.s.b.w.s.c.ServletWebServerApplicationContext - Root WebApplicationContext: initialization completed in 2481 ms 
24-09-25 12:48:49.613 [restartedMain] INFO  o.h.jpa.internal.util.LogHelper - HHH000204: Processing PersistenceUnitInfo [name: default] 
24-09-25 12:48:49.734 [restartedMain] INFO  org.hibernate.Version - HHH000412: Hibernate ORM core version 6.5.2.Final 
24-09-25 12:48:49.796 [restartedMain] INFO  o.h.c.i.RegionFactoryInitiator - HHH000026: Second-level cache disabled 
24-09-25 12:48:50.450 [restartedMain] INFO  o.s.o.j.p.SpringPersistenceUnitInfo - No LoadTimeWeaver setup: ignoring JPA class transformer 
24-09-25 12:48:50.504 [restartedMain] INFO  com.zaxxer.hikari.HikariDataSource - HikariPool-1 - Starting... 
24-09-25 12:48:50.998 [restartedMain] INFO  com.zaxxer.hikari.pool.HikariPool - HikariPool-1 - Added connection com.mysql.cj.jdbc.ConnectionImpl@18e90573 
24-09-25 12:48:51.002 [restartedMain] INFO  com.zaxxer.hikari.HikariDataSource - HikariPool-1 - Start completed. 
24-09-25 12:48:51.091 [restartedMain] WARN  org.hibernate.orm.deprecation - HHH90000025: MySQLDialect does not need to be specified explicitly using 'hibernate.dialect' (remove the property setting and it will be selected by default) 
24-09-25 12:48:53.216 [restartedMain] INFO  o.h.e.t.j.p.i.JtaPlatformInitiator - HHH000489: No JTA platform available (set 'hibernate.transaction.jta.platform' to enable JTA platform integration) 
24-09-25 12:48:53.425 [restartedMain] INFO  o.s.o.j.LocalContainerEntityManagerFactoryBean - Initialized JPA EntityManagerFactory for persistence unit 'default' 
24-09-25 12:48:54.319 [restartedMain] WARN  o.s.b.a.o.j.JpaBaseConfiguration$JpaWebConfiguration - spring.jpa.open-in-view is enabled by default. Therefore, database queries may be performed during view rendering. Explicitly configure spring.jpa.open-in-view to disable this warning 
24-09-25 12:48:54.350 [restartedMain] INFO  o.s.b.a.w.s.WelcomePageHandlerMapping - Adding welcome page: class path resource [static/index.html] 
24-09-25 12:48:54.847 [restartedMain] INFO  o.s.b.d.a.OptionalLiveReloadServer - LiveReload server is running on port 35729 
24-09-25 12:48:54.886 [restartedMain] INFO  o.a.coyote.http11.Http11NioProtocol - Starting ProtocolHandler ["http-nio-8081"] 
24-09-25 12:48:54.926 [restartedMain] INFO  o.s.b.w.e.tomcat.TomcatWebServer - Tomcat started on port 8081 (http) with context path '/' 
24-09-25 12:48:54.949 [restartedMain] INFO  c.c.e.EcommProductApplication - Started EcommProductApplication in 8.844 seconds (process running for 10.479) 
24-09-25 12:49:06.389 [http-nio-8081-exec-1] INFO  o.a.c.c.C.[Tomcat].[localhost].[/] - Initializing Spring DispatcherServlet 'dispatcherServlet' 
24-09-25 12:49:06.390 [http-nio-8081-exec-1] INFO  o.s.web.servlet.DispatcherServlet - Initializing Servlet 'dispatcherServlet' 
24-09-25 12:49:06.392 [http-nio-8081-exec-1] INFO  o.s.web.servlet.DispatcherServlet - Completed initialization in 2 ms 
24-09-25 12:49:08.230 [http-nio-8081-exec-5] INFO  c.c.e.Controller.ProductController - Attempting to get all product details 
24-09-25 12:49:08.639 [http-nio-8081-exec-5] INFO  c.c.e.Controller.ProductController - Product Details retrieved successfully 
24-09-25 12:49:17.534 [http-nio-8081-exec-4] INFO  c.c.e.Controller.ProductController - Attempting to get all product details 
24-09-25 12:49:17.572 [http-nio-8081-exec-4] INFO  c.c.e.Controller.ProductController - Product Details retrieved successfully 
24-09-25 12:49:24.083 [http-nio-8081-exec-3] INFO  c.c.e.Controller.ProductController - Attempting to get all product details 
24-09-25 12:49:24.153 [http-nio-8081-exec-3] INFO  c.c.e.Controller.ProductController - Product Details retrieved successfully 
24-09-25 12:51:27.816 [SpringApplicationShutdownHook] INFO  o.s.o.j.LocalContainerEntityManagerFactoryBean - Closing JPA EntityManagerFactory for persistence unit 'default' 
24-09-25 12:51:27.823 [SpringApplicationShutdownHook] INFO  com.zaxxer.hikari.HikariDataSource - HikariPool-1 - Shutdown initiated... 
24-09-25 12:51:27.835 [SpringApplicationShutdownHook] INFO  com.zaxxer.hikari.HikariDataSource - HikariPool-1 - Shutdown completed. 
24-09-25 12:51:33.266 [background-preinit] INFO  o.h.validator.internal.util.Version - HV000001: Hibernate Validator 8.0.1.Final 
24-09-25 12:51:33.344 [restartedMain] INFO  c.c.e.EcommProductApplication - Starting EcommProductApplication using Java 19.0.2 with PID 3500 (C:\Users\apurv\IdeaProjects\CapstoneProject\ecomm_product\target\classes started by apurv in C:\Users\apurv\IdeaProjects\CapstoneProject\ecomm_product) 
24-09-25 12:51:33.348 [restartedMain] INFO  c.c.e.EcommProductApplication - No active profile set, falling back to 1 default profile: "default" 
24-09-25 12:51:33.446 [restartedMain] INFO  o.s.b.d.e.DevToolsPropertyDefaultsPostProcessor - Devtools property defaults active! Set 'spring.devtools.add-properties' to 'false' to disable 
24-09-25 12:51:33.447 [restartedMain] INFO  o.s.b.d.e.DevToolsPropertyDefaultsPostProcessor - For additional web related logging consider setting the 'logging.level.web' property to 'DEBUG' 
24-09-25 12:51:34.877 [restartedMain] INFO  o.s.d.r.c.RepositoryConfigurationDelegate - Bootstrapping Spring Data JPA repositories in DEFAULT mode. 
24-09-25 12:51:35.003 [restartedMain] INFO  o.s.d.r.c.RepositoryConfigurationDelegate - Finished Spring Data repository scanning in 114 ms. Found 4 JPA repository interfaces. 
24-09-25 12:51:36.064 [restartedMain] INFO  o.s.b.w.e.tomcat.TomcatWebServer - Tomcat initialized with port 8081 (http) 
24-09-25 12:51:36.090 [restartedMain] INFO  o.a.coyote.http11.Http11NioProtocol - Initializing ProtocolHandler ["http-nio-8081"] 
24-09-25 12:51:36.098 [restartedMain] INFO  o.a.catalina.core.StandardService - Starting service [Tomcat] 
24-09-25 12:51:36.099 [restartedMain] INFO  o.a.catalina.core.StandardEngine - Starting Servlet engine: [Apache Tomcat/10.1.28] 
24-09-25 12:51:36.183 [restartedMain] INFO  o.a.c.c.C.[Tomcat].[localhost].[/] - Initializing Spring embedded WebApplicationContext 
24-09-25 12:51:36.184 [restartedMain] INFO  o.s.b.w.s.c.ServletWebServerApplicationContext - Root WebApplicationContext: initialization completed in 2736 ms 
24-09-25 12:51:36.457 [restartedMain] INFO  o.h.jpa.internal.util.LogHelper - HHH000204: Processing PersistenceUnitInfo [name: default] 
24-09-25 12:51:36.550 [restartedMain] INFO  org.hibernate.Version - HHH000412: Hibernate ORM core version 6.5.2.Final 
24-09-25 12:51:36.624 [restartedMain] INFO  o.h.c.i.RegionFactoryInitiator - HHH000026: Second-level cache disabled 
24-09-25 12:51:37.156 [restartedMain] INFO  o.s.o.j.p.SpringPersistenceUnitInfo - No LoadTimeWeaver setup: ignoring JPA class transformer 
24-09-25 12:51:37.207 [restartedMain] INFO  com.zaxxer.hikari.HikariDataSource - HikariPool-1 - Starting... 
24-09-25 12:51:37.780 [restartedMain] INFO  com.zaxxer.hikari.pool.HikariPool - HikariPool-1 - Added connection com.mysql.cj.jdbc.ConnectionImpl@7235f1e9 
24-09-25 12:51:37.784 [restartedMain] INFO  com.zaxxer.hikari.HikariDataSource - HikariPool-1 - Start completed. 
24-09-25 12:51:37.887 [restartedMain] WARN  org.hibernate.orm.deprecation - HHH90000025: MySQLDialect does not need to be specified explicitly using 'hibernate.dialect' (remove the property setting and it will be selected by default) 
24-09-25 12:51:40.450 [restartedMain] INFO  o.h.e.t.j.p.i.JtaPlatformInitiator - HHH000489: No JTA platform available (set 'hibernate.transaction.jta.platform' to enable JTA platform integration) 
24-09-25 12:51:40.694 [restartedMain] INFO  o.s.o.j.LocalContainerEntityManagerFactoryBean - Initialized JPA EntityManagerFactory for persistence unit 'default' 
24-09-25 12:51:41.685 [restartedMain] WARN  o.s.b.a.o.j.JpaBaseConfiguration$JpaWebConfiguration - spring.jpa.open-in-view is enabled by default. Therefore, database queries may be performed during view rendering. Explicitly configure spring.jpa.open-in-view to disable this warning 
24-09-25 12:51:41.724 [restartedMain] INFO  o.s.b.a.w.s.WelcomePageHandlerMapping - Adding welcome page: class path resource [static/index.html] 
24-09-25 12:51:42.283 [restartedMain] INFO  o.s.b.d.a.OptionalLiveReloadServer - LiveReload server is running on port 35729 
24-09-25 12:51:42.327 [restartedMain] INFO  o.a.coyote.http11.Http11NioProtocol - Starting ProtocolHandler ["http-nio-8081"] 
24-09-25 12:51:42.370 [restartedMain] INFO  o.s.b.w.e.tomcat.TomcatWebServer - Tomcat started on port 8081 (http) with context path '/' 
24-09-25 12:51:42.392 [restartedMain] INFO  c.c.e.EcommProductApplication - Started EcommProductApplication in 9.863 seconds (process running for 11.821) 
24-09-25 12:51:42.473 [http-nio-8081-exec-1] INFO  o.a.c.c.C.[Tomcat].[localhost].[/] - Initializing Spring DispatcherServlet 'dispatcherServlet' 
24-09-25 12:51:42.474 [http-nio-8081-exec-1] INFO  o.s.web.servlet.DispatcherServlet - Initializing Servlet 'dispatcherServlet' 
24-09-25 12:51:42.476 [http-nio-8081-exec-1] INFO  o.s.web.servlet.DispatcherServlet - Completed initialization in 2 ms 
24-09-25 12:51:52.736 [http-nio-8081-exec-3] INFO  c.c.e.Controller.ProductController - Attempting to get all product details 
24-09-25 12:51:53.095 [http-nio-8081-exec-3] INFO  c.c.e.Controller.ProductController - Product Details retrieved successfully 
24-09-25 12:52:10.809 [http-nio-8081-exec-4] INFO  c.c.e.Controller.ProductController - Attempting to get all product details 
24-09-25 12:52:10.845 [http-nio-8081-exec-4] INFO  c.c.e.Controller.ProductController - Product Details retrieved successfully 
24-09-25 12:54:20.693 [http-nio-8081-exec-8] INFO  c.c.e.Controller.ProductController - Attempting to get all product details 
24-09-25 12:54:20.740 [http-nio-8081-exec-8] INFO  c.c.e.Controller.ProductController - Product Details retrieved successfully 
24-09-25 12:58:28.185 [http-nio-8081-exec-2] INFO  c.c.e.Controller.ProductController - Attempting to get all product details 
24-09-25 12:58:28.245 [http-nio-8081-exec-2] INFO  c.c.e.Controller.ProductController - Product Details retrieved successfully 
