24-09-17 10:25:51.574 [background-preinit] INFO  o.h.validator.internal.util.Version - HV000001: Hibernate Validator 8.0.1.Final 
24-09-17 10:25:51.662 [restartedMain] INFO  c.c.e.EcommProductApplication - Starting EcommProductApplication using Java 19.0.2 with PID 21060 (C:\Users\apurv\IdeaProjects\CapstoneProject\ecomm_product\target\classes started by apurv in C:\Users\apurv\IdeaProjects\CapstoneProject\ecomm_product) 
24-09-17 10:25:51.664 [restartedMain] INFO  c.c.e.EcommProductApplication - No active profile set, falling back to 1 default profile: "default" 
24-09-17 10:25:51.755 [restartedMain] INFO  o.s.b.d.e.DevToolsPropertyDefaultsPostProcessor - Devtools property defaults active! Set 'spring.devtools.add-properties' to 'false' to disable 
24-09-17 10:25:51.756 [restartedMain] INFO  o.s.b.d.e.DevToolsPropertyDefaultsPostProcessor - For additional web related logging consider setting the 'logging.level.web' property to 'DEBUG' 
24-09-17 10:25:53.224 [restartedMain] INFO  o.s.d.r.c.RepositoryConfigurationDelegate - Bootstrapping Spring Data JPA repositories in DEFAULT mode. 
24-09-17 10:25:53.335 [restartedMain] INFO  o.s.d.r.c.RepositoryConfigurationDelegate - Finished Spring Data repository scanning in 97 ms. Found 4 JPA repository interfaces. 
24-09-17 10:25:54.142 [restartedMain] INFO  o.s.b.w.e.tomcat.TomcatWebServer - Tomcat initialized with port 8081 (http) 
24-09-17 10:25:54.159 [restartedMain] INFO  o.a.coyote.http11.Http11NioProtocol - Initializing ProtocolHandler ["http-nio-8081"] 
24-09-17 10:25:54.164 [restartedMain] INFO  o.a.catalina.core.StandardService - Starting service [Tomcat] 
24-09-17 10:25:54.164 [restartedMain] INFO  o.a.catalina.core.StandardEngine - Starting Servlet engine: [Apache Tomcat/10.1.28] 
24-09-17 10:25:54.244 [restartedMain] INFO  o.a.c.c.C.[Tomcat].[localhost].[/] - Initializing Spring embedded WebApplicationContext 
24-09-17 10:25:54.245 [restartedMain] INFO  o.s.b.w.s.c.ServletWebServerApplicationContext - Root WebApplicationContext: initialization completed in 2488 ms 
24-09-17 10:25:54.494 [restartedMain] INFO  o.h.jpa.internal.util.LogHelper - HHH000204: Processing PersistenceUnitInfo [name: default] 
24-09-17 10:25:54.615 [restartedMain] INFO  org.hibernate.Version - HHH000412: Hibernate ORM core version 6.5.2.Final 
24-09-17 10:25:54.685 [restartedMain] INFO  o.h.c.i.RegionFactoryInitiator - HHH000026: Second-level cache disabled 
24-09-17 10:25:55.283 [restartedMain] INFO  o.s.o.j.p.SpringPersistenceUnitInfo - No LoadTimeWeaver setup: ignoring JPA class transformer 
24-09-17 10:25:55.333 [restartedMain] INFO  com.zaxxer.hikari.HikariDataSource - HikariPool-1 - Starting... 
24-09-17 10:25:55.877 [restartedMain] INFO  com.zaxxer.hikari.pool.HikariPool - HikariPool-1 - Added connection com.mysql.cj.jdbc.ConnectionImpl@39ed2590 
24-09-17 10:25:55.880 [restartedMain] INFO  com.zaxxer.hikari.HikariDataSource - HikariPool-1 - Start completed. 
24-09-17 10:25:55.970 [restartedMain] WARN  org.hibernate.orm.deprecation - HHH90000025: MySQLDialect does not need to be specified explicitly using 'hibernate.dialect' (remove the property setting and it will be selected by default) 
24-09-17 10:25:57.753 [restartedMain] INFO  o.h.e.t.j.p.i.JtaPlatformInitiator - HHH000489: No JTA platform available (set 'hibernate.transaction.jta.platform' to enable JTA platform integration) 
24-09-17 10:25:57.922 [restartedMain] INFO  o.s.o.j.LocalContainerEntityManagerFactoryBean - Initialized JPA EntityManagerFactory for persistence unit 'default' 
24-09-17 10:25:58.736 [restartedMain] WARN  o.s.b.a.o.j.JpaBaseConfiguration$JpaWebConfiguration - spring.jpa.open-in-view is enabled by default. Therefore, database queries may be performed during view rendering. Explicitly configure spring.jpa.open-in-view to disable this warning 
24-09-17 10:25:58.765 [restartedMain] INFO  o.s.b.a.w.s.WelcomePageHandlerMapping - Adding welcome page: class path resource [static/index.html] 
24-09-17 10:25:59.195 [restartedMain] INFO  o.s.b.d.a.OptionalLiveReloadServer - LiveReload server is running on port 35729 
24-09-17 10:25:59.223 [restartedMain] INFO  o.a.coyote.http11.Http11NioProtocol - Starting ProtocolHandler ["http-nio-8081"] 
24-09-17 10:25:59.247 [restartedMain] INFO  o.s.b.w.e.tomcat.TomcatWebServer - Tomcat started on port 8081 (http) with context path '/' 
24-09-17 10:25:59.258 [restartedMain] INFO  c.c.e.EcommProductApplication - Started EcommProductApplication in 8.209 seconds (process running for 10.618) 
24-09-17 10:26:38.413 [http-nio-8081-exec-1] INFO  o.a.c.c.C.[Tomcat].[localhost].[/] - Initializing Spring DispatcherServlet 'dispatcherServlet' 
24-09-17 10:26:38.414 [http-nio-8081-exec-1] INFO  o.s.web.servlet.DispatcherServlet - Initializing Servlet 'dispatcherServlet' 
24-09-17 10:26:38.416 [http-nio-8081-exec-1] INFO  o.s.web.servlet.DispatcherServlet - Completed initialization in 2 ms 
24-09-17 10:26:50.653 [http-nio-8081-exec-5] WARN  o.s.w.s.m.m.a.ExceptionHandlerExceptionResolver - Resolved [com.capstone.ecomm_product.Exception.ResourceNotFoundException: Category not found categoryId with id - 0b62d6c5-e21a-4881-8598-99e8acfa4b2e] 
24-09-17 10:27:09.559 [http-nio-8081-exec-4] WARN  o.s.w.s.m.m.a.ExceptionHandlerExceptionResolver - Resolved [com.capstone.ecomm_product.Exception.APIException: Category Already Present - BAD Request] 
24-09-17 10:27:34.406 [http-nio-8081-exec-8] WARN  o.s.w.s.m.m.a.ExceptionHandlerExceptionResolver - Resolved [com.capstone.ecomm_product.Exception.APIException: Category Already Present - BAD Request] 
24-09-17 10:45:09.724 [SpringApplicationShutdownHook] INFO  o.s.o.j.LocalContainerEntityManagerFactoryBean - Closing JPA EntityManagerFactory for persistence unit 'default' 
24-09-17 10:45:09.731 [SpringApplicationShutdownHook] INFO  com.zaxxer.hikari.HikariDataSource - HikariPool-1 - Shutdown initiated... 
24-09-17 10:45:09.746 [SpringApplicationShutdownHook] INFO  com.zaxxer.hikari.HikariDataSource - HikariPool-1 - Shutdown completed. 
24-09-17 10:45:17.749 [background-preinit] INFO  o.h.validator.internal.util.Version - HV000001: Hibernate Validator 8.0.1.Final 
24-09-17 10:45:17.809 [restartedMain] INFO  c.c.e.EcommProductApplication - Starting EcommProductApplication using Java 19.0.2 with PID 14284 (C:\Users\apurv\IdeaProjects\CapstoneProject\ecomm_product\target\classes started by apurv in C:\Users\apurv\IdeaProjects\CapstoneProject\ecomm_product) 
24-09-17 10:45:17.811 [restartedMain] INFO  c.c.e.EcommProductApplication - No active profile set, falling back to 1 default profile: "default" 
24-09-17 10:45:17.885 [restartedMain] INFO  o.s.b.d.e.DevToolsPropertyDefaultsPostProcessor - Devtools property defaults active! Set 'spring.devtools.add-properties' to 'false' to disable 
24-09-17 10:45:17.886 [restartedMain] INFO  o.s.b.d.e.DevToolsPropertyDefaultsPostProcessor - For additional web related logging consider setting the 'logging.level.web' property to 'DEBUG' 
24-09-17 10:45:18.958 [restartedMain] INFO  o.s.d.r.c.RepositoryConfigurationDelegate - Bootstrapping Spring Data JPA repositories in DEFAULT mode. 
24-09-17 10:45:19.067 [restartedMain] INFO  o.s.d.r.c.RepositoryConfigurationDelegate - Finished Spring Data repository scanning in 98 ms. Found 4 JPA repository interfaces. 
24-09-17 10:45:19.898 [restartedMain] INFO  o.s.b.w.e.tomcat.TomcatWebServer - Tomcat initialized with port 8081 (http) 
24-09-17 10:45:19.914 [restartedMain] INFO  o.a.coyote.http11.Http11NioProtocol - Initializing ProtocolHandler ["http-nio-8081"] 
24-09-17 10:45:19.914 [restartedMain] INFO  o.a.catalina.core.StandardService - Starting service [Tomcat] 
24-09-17 10:45:19.914 [restartedMain] INFO  o.a.catalina.core.StandardEngine - Starting Servlet engine: [Apache Tomcat/10.1.28] 
24-09-17 10:45:19.992 [restartedMain] INFO  o.a.c.c.C.[Tomcat].[localhost].[/] - Initializing Spring embedded WebApplicationContext 
24-09-17 10:45:19.992 [restartedMain] INFO  o.s.b.w.s.c.ServletWebServerApplicationContext - Root WebApplicationContext: initialization completed in 2105 ms 
24-09-17 10:45:20.228 [restartedMain] INFO  o.h.jpa.internal.util.LogHelper - HHH000204: Processing PersistenceUnitInfo [name: default] 
24-09-17 10:45:20.306 [restartedMain] INFO  org.hibernate.Version - HHH000412: Hibernate ORM core version 6.5.2.Final 
24-09-17 10:45:20.353 [restartedMain] INFO  o.h.c.i.RegionFactoryInitiator - HHH000026: Second-level cache disabled 
24-09-17 10:45:20.809 [restartedMain] INFO  o.s.o.j.p.SpringPersistenceUnitInfo - No LoadTimeWeaver setup: ignoring JPA class transformer 
24-09-17 10:45:20.840 [restartedMain] INFO  com.zaxxer.hikari.HikariDataSource - HikariPool-1 - Starting... 
24-09-17 10:45:21.248 [restartedMain] INFO  com.zaxxer.hikari.pool.HikariPool - HikariPool-1 - Added connection com.mysql.cj.jdbc.ConnectionImpl@4de8b444 
24-09-17 10:45:21.248 [restartedMain] INFO  com.zaxxer.hikari.HikariDataSource - HikariPool-1 - Start completed. 
24-09-17 10:45:21.311 [restartedMain] WARN  org.hibernate.orm.deprecation - HHH90000025: MySQLDialect does not need to be specified explicitly using 'hibernate.dialect' (remove the property setting and it will be selected by default) 
24-09-17 10:45:23.088 [restartedMain] INFO  o.h.e.t.j.p.i.JtaPlatformInitiator - HHH000489: No JTA platform available (set 'hibernate.transaction.jta.platform' to enable JTA platform integration) 
24-09-17 10:45:23.242 [restartedMain] INFO  o.s.o.j.LocalContainerEntityManagerFactoryBean - Initialized JPA EntityManagerFactory for persistence unit 'default' 
24-09-17 10:45:23.993 [restartedMain] WARN  o.s.b.a.o.j.JpaBaseConfiguration$JpaWebConfiguration - spring.jpa.open-in-view is enabled by default. Therefore, database queries may be performed during view rendering. Explicitly configure spring.jpa.open-in-view to disable this warning 
24-09-17 10:45:24.039 [restartedMain] INFO  o.s.b.a.w.s.WelcomePageHandlerMapping - Adding welcome page: class path resource [static/index.html] 
24-09-17 10:45:24.568 [restartedMain] INFO  o.s.b.d.a.OptionalLiveReloadServer - LiveReload server is running on port 35729 
24-09-17 10:45:24.598 [restartedMain] INFO  o.a.coyote.http11.Http11NioProtocol - Starting ProtocolHandler ["http-nio-8081"] 
24-09-17 10:45:24.623 [restartedMain] INFO  o.s.b.w.e.tomcat.TomcatWebServer - Tomcat started on port 8081 (http) with context path '/' 
24-09-17 10:45:24.640 [restartedMain] INFO  c.c.e.EcommProductApplication - Started EcommProductApplication in 7.351 seconds (process running for 8.812) 
24-09-17 10:45:30.341 [http-nio-8081-exec-1] INFO  o.a.c.c.C.[Tomcat].[localhost].[/] - Initializing Spring DispatcherServlet 'dispatcherServlet' 
24-09-17 10:45:30.342 [http-nio-8081-exec-1] INFO  o.s.web.servlet.DispatcherServlet - Initializing Servlet 'dispatcherServlet' 
24-09-17 10:45:30.344 [http-nio-8081-exec-1] INFO  o.s.web.servlet.DispatcherServlet - Completed initialization in 2 ms 
24-09-17 10:53:19.459 [http-nio-8081-exec-10] INFO  c.c.e.Controller.CategoryController - Attempting to get all category details 
24-09-17 10:53:19.704 [http-nio-8081-exec-10] INFO  c.c.e.Controller.CategoryController - Category Details retrieved successfully 
24-09-17 10:53:49.366 [http-nio-8081-exec-5] INFO  c.c.e.Controller.CategoryController - Attempting to create a new category with data: com.capstone.ecomm_product.DTOs.CategoryRequestDTO@763a4d50 
24-09-17 10:53:49.397 [http-nio-8081-exec-5] INFO  c.c.e.Services.CategoryServiceImpl - Starting category creation: Men's Grooming 
24-09-17 10:53:49.460 [http-nio-8081-exec-5] INFO  c.c.e.Services.CategoryServiceImpl - Category created successfully with ID: 77b20fd5-8d71-4614-8262-f73bbfadb823 
24-09-17 10:53:49.460 [http-nio-8081-exec-5] INFO  c.c.e.Controller.CategoryController - Category created successfully with ID: 77b20fd5-8d71-4614-8262-f73bbfadb823 
24-09-17 10:53:50.775 [http-nio-8081-exec-9] INFO  c.c.e.Controller.CategoryController - Attempting to get all category details 
24-09-17 10:53:50.790 [http-nio-8081-exec-9] INFO  c.c.e.Controller.CategoryController - Category Details retrieved successfully 
24-09-17 10:54:48.883 [http-nio-8081-exec-2] INFO  c.c.e.Controller.ProductController - Attempting to create a new product with data: com.capstone.ecomm_product.DTOs.ProductRequestDTO@3e37550e 
24-09-17 10:54:48.884 [http-nio-8081-exec-2] INFO  c.c.e.Services.ProductServiceImpl - Starting product creation for product price: 2199.0 
24-09-17 10:54:48.884 [http-nio-8081-exec-2] INFO  c.c.e.Services.ProductServiceImpl - Saving price details: amount=2199.0, currency=INR 
24-09-17 10:54:48.890 [http-nio-8081-exec-2] INFO  c.c.e.Services.ProductServiceImpl - Category found: Men's grooming 
24-09-17 10:54:48.890 [http-nio-8081-exec-2] INFO  c.c.e.Services.ProductServiceImpl - Saving product: title=HAVELLS RS7005 Shaver For Men  (Black, Red), description=The Havells 3 head rotary shaver with the floating blades helps you get a smoother and faster shaver even in neck and jawline. One full charge gives 6+ Shaving Sessions. Quick, Easy and Convenient Shave, protecting from cuts 
24-09-17 10:54:48.905 [http-nio-8081-exec-2] INFO  c.c.e.Services.ProductServiceImpl - Product created successfully with ID: 93b8655f-aa57-4ed7-a4cb-a23dd1a19d18 
24-09-17 10:54:48.921 [http-nio-8081-exec-2] INFO  c.c.e.Controller.ProductController - Product created successfully with ID: 93b8655f-aa57-4ed7-a4cb-a23dd1a19d18 
24-09-17 10:54:50.835 [http-nio-8081-exec-4] INFO  c.c.e.Controller.ProductController - Attempting to get all product details 
24-09-17 10:54:50.909 [http-nio-8081-exec-4] INFO  c.c.e.Controller.ProductController - Product Details retrieved successfully 
24-09-17 10:54:52.804 [http-nio-8081-exec-8] INFO  c.c.e.Controller.ProductController - Attempting to get all product details 
24-09-17 10:54:52.862 [http-nio-8081-exec-8] INFO  c.c.e.Controller.ProductController - Product Details retrieved successfully 
24-09-17 10:56:37.605 [http-nio-8081-exec-7] INFO  c.c.e.Controller.CategoryController - Attempting to get all category details 
24-09-17 10:56:37.616 [http-nio-8081-exec-7] INFO  c.c.e.Controller.CategoryController - Category Details retrieved successfully 
24-09-17 10:56:48.217 [SpringApplicationShutdownHook] INFO  o.s.o.j.LocalContainerEntityManagerFactoryBean - Closing JPA EntityManagerFactory for persistence unit 'default' 
24-09-17 10:56:48.217 [SpringApplicationShutdownHook] INFO  com.zaxxer.hikari.HikariDataSource - HikariPool-1 - Shutdown initiated... 
24-09-17 10:56:48.233 [SpringApplicationShutdownHook] INFO  com.zaxxer.hikari.HikariDataSource - HikariPool-1 - Shutdown completed. 
